This is pdfTeX, Version 3.14159265-2.6-1.40.21 (TeX Live 2020/W32TeX) (preloaded format=pdflatex 2020.11.17)  17 NOV 2020 12:50
entering extended mode
 restricted \write18 enabled.
 %&-line parsing enabled.
**Lecture5_WaveOptics.tex
(./Lecture5_WaveOptics.tex
LaTeX2e <2020-10-01> patch level 2
L3 programming layer <2020-10-27> xparse <2020-03-03>
(a:/texlive/2020/texmf-dist/tex/latex/base/article.cls
Document Class: article 2020/04/10 v1.4m Standard LaTeX document class
(a:/texlive/2020/texmf-dist/tex/latex/base/size10.clo
File: size10.clo 2020/04/10 v1.4m Standard LaTeX file (size option)
)
\c@part=\count175
\c@section=\count176
\c@subsection=\count177
\c@subsubsection=\count178
\c@paragraph=\count179
\c@subparagraph=\count180
\c@figure=\count181
\c@table=\count182
\abovecaptionskip=\skip47
\belowcaptionskip=\skip48
\bibindent=\dimen138
)
(a:/texlive/2020/texmf-dist/tex/latex/l3backend/l3backend-pdftex.def
File: l3backend-pdftex.def 2020-09-24 L3 backend support: PDF output (pdfTeX)
\l__kernel_color_stack_int=\count183
\l__pdf_internal_box=\box47
)
(./Lecture5_WaveOptics.aux)
\openout1 = `Lecture5_WaveOptics.aux'.

LaTeX Font Info:    Checking defaults for OML/cmm/m/it on input line 3.
LaTeX Font Info:    ... okay on input line 3.
LaTeX Font Info:    Checking defaults for OMS/cmsy/m/n on input line 3.
LaTeX Font Info:    ... okay on input line 3.
LaTeX Font Info:    Checking defaults for OT1/cmr/m/n on input line 3.
LaTeX Font Info:    ... okay on input line 3.
LaTeX Font Info:    Checking defaults for T1/cmr/m/n on input line 3.
LaTeX Font Info:    ... okay on input line 3.
LaTeX Font Info:    Checking defaults for TS1/cmr/m/n on input line 3.
LaTeX Font Info:    ... okay on input line 3.
LaTeX Font Info:    Checking defaults for OMX/cmex/m/n on input line 3.
LaTeX Font Info:    ... okay on input line 3.
LaTeX Font Info:    Checking defaults for U/cmr/m/n on input line 3.
LaTeX Font Info:    ... okay on input line 3.
LaTeX Font Info:    External font `cmex10' loaded for size
(Font)              <7> on input line 10.
LaTeX Font Info:    External font `cmex10' loaded for size
(Font)              <5> on input line 10.

Underfull \hbox (badness 10000) in paragraph at lines 22--24

 []


Underfull \hbox (badness 10000) in paragraph at lines 28--30

 []

[1

{a:/texlive/2020/texmf-var/fonts/map/pdftex/updmap/pdftex.map}]
Underfull \hbox (badness 10000) in paragraph at lines 68--69

 []


Underfull \hbox (badness 10000) in paragraph at lines 70--71

 []

[2] (./Lecture5_WaveOptics.aux) ) 
Here is how much of TeX's memory you used:
 404 strings out of 479485
 7210 string characters out of 5875915
 281065 words of memory out of 5000000
 17491 multiletter control sequences out of 15000+600000
 537560 words of font info for 37 fonts, out of 8000000 for 9000
 1141 hyphenation exceptions out of 8191
 43i,7n,49p,263b,152s stack positions out of 5000i,500n,10000p,200000b,80000s
{a:/texlive/2020/texmf-dist/fonts/enc/dvips/cm
-super/cm-super-ts1.enc}<a:/texlive/2020/texmf-dist/fonts/type1/public/amsfonts
/cm/cmbx10.pfb><a:/texlive/2020/texmf-dist/fonts/type1/public/amsfonts/cm/cmbx1
2.pfb><a:/texlive/2020/texmf-dist/fonts/type1/public/amsfonts/cm/cmbx7.pfb><a:/
texlive/2020/texmf-dist/fonts/type1/public/amsfonts/cm/cmex10.pfb><a:/texlive/2
020/texmf-dist/fonts/type1/public/amsfonts/cm/cmmi10.pfb><a:/texlive/2020/texmf
-dist/fonts/type1/public/amsfonts/cm/cmmi5.pfb><a:/texlive/2020/texmf-dist/font
s/type1/public/amsfonts/cm/cmmi7.pfb><a:/texlive/2020/texmf-dist/fonts/type1/pu
blic/amsfonts/cm/cmr10.pfb><a:/texlive/2020/texmf-dist/fonts/type1/public/amsfo
nts/cm/cmr5.pfb><a:/texlive/2020/texmf-dist/fonts/type1/public/amsfonts/cm/cmr7
.pfb><a:/texlive/2020/texmf-dist/fonts/type1/public/amsfonts/cm/cmsy10.pfb><a:/
texlive/2020/texmf-dist/fonts/type1/public/cm-super/sfrm1000.pfb>
Output written on Lecture5_WaveOptics.pdf (2 pages, 128019 bytes).
PDF statistics:
 60 PDF objects out of 1000 (max. 8388607)
 43 compressed objects within 1 object stream
 0 named destinations out of 1000 (max. 500000)
 1 words of extra memory for PDF output out of 10000 (max. 10000000)

